# JRE version: Java(TM) SE Runtime Environment (13.0.1+9) (build 13.0.1+9)
# Java VM: Java HotSpot(TM) 64-Bit Server VM (13.0.1+9, mixed mode, sharing, tiered, compressed oops, g1 gc, windows-amd64)
Heap:
 garbage-first heap   total 40960K, used 15014K [0x0000000702200000, 0x0000000800000000)
  region size 1024K, 7 young (7168K), 2 survivors (2048K)
 Metaspace       used 25305K, capacity 26130K, committed 26416K, reserved 1073152K
  class space    used 2298K, capacity 2602K, committed 2688K, reserved 1048576K
GC Heap History (20 events):
Event: 153.307 GC heap before
{Heap before GC invocations=3 (full 0):
 garbage-first heap   total 260096K, used 59332K [0x0000000702200000, 0x0000000800000000)
  region size 1024K, 56 young (57344K), 4 survivors (4096K)
 Metaspace       used 19005K, capacity 19652K, committed 19968K, reserved 1067008K
  class space    used 1902K, capacity 2182K, committed 2304K, reserved 1048576K
}
Event: 153.317 GC heap after
{Heap after GC invocations=4 (full 0):
 garbage-first heap   total 260096K, used 11011K [0x0000000702200000, 0x0000000800000000)
  region size 1024K, 7 young (7168K), 7 survivors (7168K)
 Metaspace       used 19005K, capacity 19652K, committed 19968K, reserved 1067008K
  class space    used 1902K, capacity 2182K, committed 2304K, reserved 1048576K
}
Event: 153.424 GC heap before
{Heap before GC invocations=4 (full 0):
 garbage-first heap   total 260096K, used 17155K [0x0000000702200000, 0x0000000800000000)
  region size 1024K, 15 young (15360K), 7 survivors (7168K)
 Metaspace       used 20530K, capacity 21124K, committed 21296K, reserved 1069056K
  class space    used 2033K, capacity 2310K, committed 2432K, reserved 1048576K
}
Event: 153.431 GC heap after
{Heap after GC invocations=5 (full 0):
 garbage-first heap   total 260096K, used 11237K [0x0000000702200000, 0x0000000800000000)
  region size 1024K, 6 young (6144K), 6 survivors (6144K)
 Metaspace       used 20530K, capacity 21124K, committed 21296K, reserved 1069056K
  class space    used 2033K, capacity 2310K, committed 2432K, reserved 1048576K
}
Event: 235.108 GC heap before
{Heap before GC invocations=6 (full 0):
 garbage-first heap   total 40960K, used 29669K [0x0000000702200000, 0x0000000800000000)
  region size 1024K, 24 young (24576K), 6 survivors (6144K)
 Metaspace       used 23357K, capacity 23978K, committed 24240K, reserved 1071104K
  class space    used 2249K, capacity 2513K, committed 2560K, reserved 1048576K
}
Event: 235.113 GC heap after
{Heap after GC invocations=7 (full 0):
 garbage-first heap   total 40960K, used 11873K [0x0000000702200000, 0x0000000800000000)
  region size 1024K, 2 young (2048K), 2 survivors (2048K)
 Metaspace       used 23357K, capacity 23978K, committed 24240K, reserved 1071104K
  class space    used 2249K, capacity 2513K, committed 2560K, reserved 1048576K
}
Event: 287.190 GC heap before
{Heap before GC invocations=7 (full 0):
 garbage-first heap   total 40960K, used 27233K [0x0000000702200000, 0x0000000800000000)
  region size 1024K, 18 young (18432K), 2 survivors (2048K)
 Metaspace       used 23808K, capacity 24454K, committed 24752K, reserved 1071104K
  class space    used 2252K, capacity 2517K, committed 2560K, reserved 1048576K
}
Event: 287.192 GC heap after
{Heap after GC invocations=8 (full 0):
 garbage-first heap   total 40960K, used 11865K [0x0000000702200000, 0x0000000800000000)
  region size 1024K, 2 young (2048K), 2 survivors (2048K)
 Metaspace       used 23808K, capacity 24454K, committed 24752K, reserved 1071104K
  class space    used 2252K, capacity 2517K, committed 2560K, reserved 1048576K
}
Event: 575.543 GC heap before
{Heap before GC invocations=8 (full 0):
 garbage-first heap   total 40960K, used 28249K [0x0000000702200000, 0x0000000800000000)
  region size 1024K, 19 young (19456K), 2 survivors (2048K)
 Metaspace       used 24397K, capacity 25072K, committed 25264K, reserved 1073152K
  class space    used 2257K, capacity 2523K, committed 2560K, reserved 1048576K
}
Event: 575.545 GC heap after
{Heap after GC invocations=9 (full 0):
 garbage-first heap   total 40960K, used 11625K [0x0000000702200000, 0x0000000800000000)
  region size 1024K, 2 young (2048K), 2 survivors (2048K)
 Metaspace       used 24397K, capacity 25072K, committed 25264K, reserved 1073152K
  class space    used 2257K, capacity 2523K, committed 2560K, reserved 1048576K
}
Event: 666.044 GC heap before
{Heap before GC invocations=9 (full 0):
 garbage-first heap   total 40960K, used 28009K [0x0000000702200000, 0x0000000800000000)
  region size 1024K, 19 young (19456K), 2 survivors (2048K)
 Metaspace       used 24630K, capacity 25380K, committed 25520K, reserved 1073152K
  class space    used 2261K, capacity 2531K, committed 2560K, reserved 1048576K
}
Event: 666.048 GC heap after
{Heap after GC invocations=10 (full 0):
 garbage-first heap   total 40960K, used 11351K [0x0000000702200000, 0x0000000800000000)
  region size 1024K, 1 young (1024K), 1 survivors (1024K)
 Metaspace       used 24630K, capacity 25380K, committed 25520K, reserved 1073152K
  class space    used 2261K, capacity 2531K, committed 2560K, reserved 1048576K
}
Event: 840.759 GC heap before
{Heap before GC invocations=10 (full 0):
 garbage-first heap   total 40960K, used 29783K [0x0000000702200000, 0x0000000800000000)
  region size 1024K, 20 young (20480K), 1 survivors (1024K)
 Metaspace       used 24804K, capacity 25493K, committed 25520K, reserved 1073152K
  class space    used 2264K, capacity 2538K, committed 2560K, reserved 1048576K
}
Event: 840.761 GC heap after
{Heap after GC invocations=11 (full 0):
 garbage-first heap   total 40960K, used 11358K [0x0000000702200000, 0x0000000800000000)
  region size 1024K, 1 young (1024K), 1 survivors (1024K)
 Metaspace       used 24804K, capacity 25493K, committed 25520K, reserved 1073152K
  class space    used 2264K, capacity 2538K, committed 2560K, reserved 1048576K
}
Event: 1099.102 GC heap before
{Heap before GC invocations=11 (full 0):
 garbage-first heap   total 40960K, used 29790K [0x0000000702200000, 0x0000000800000000)
  region size 1024K, 20 young (20480K), 1 survivors (1024K)
 Metaspace       used 24910K, capacity 25649K, committed 25776K, reserved 1073152K
  class space    used 2266K, capacity 2542K, committed 2560K, reserved 1048576K
}
Event: 1099.104 GC heap after
{Heap after GC invocations=12 (full 0):
 garbage-first heap   total 40960K, used 11961K [0x0000000702200000, 0x0000000800000000)
  region size 1024K, 2 young (2048K), 2 survivors (2048K)
 Metaspace       used 24910K, capacity 25649K, committed 25776K, reserved 1073152K
  class space    used 2266K, capacity 2542K, committed 2560K, reserved 1048576K
}
Event: 1493.648 GC heap before
{Heap before GC invocations=12 (full 0):
 garbage-first heap   total 40960K, used 29369K [0x0000000702200000, 0x0000000800000000)
  region size 1024K, 20 young (20480K), 2 survivors (2048K)
 Metaspace       used 25084K, capacity 25821K, committed 26032K, reserved 1073152K
  class space    used 2269K, capacity 2548K, committed 2560K, reserved 1048576K
}
Event: 1493.651 GC heap after
{Heap after GC invocations=13 (full 0):
 garbage-first heap   total 40960K, used 11788K [0x0000000702200000, 0x0000000800000000)
  region size 1024K, 2 young (2048K), 2 survivors (2048K)
 Metaspace       used 25084K, capacity 25821K, committed 26032K, reserved 1073152K
  class space    used 2269K, capacity 2548K, committed 2560K, reserved 1048576K
}
Event: 1579.695 GC heap before
{Heap before GC invocations=13 (full 0):
 garbage-first heap   total 40960K, used 30220K [0x0000000702200000, 0x0000000800000000)
  region size 1024K, 21 young (21504K), 2 survivors (2048K)
 Metaspace       used 25172K, capacity 25927K, committed 26032K, reserved 1073152K
  class space    used 2272K, capacity 2554K, committed 2560K, reserved 1048576K
}
Event: 1579.697 GC heap after
{Heap after GC invocations=14 (full 0):
 garbage-first heap   total 40960K, used 11942K [0x0000000702200000, 0x0000000800000000)
  region size 1024K, 2 young (2048K), 2 survivors (2048K)
 Metaspace       used 25172K, capacity 25927K, committed 26032K, reserved 1073152K
  class space    used 2272K, capacity 2554K, committed 2560K, reserved 1048576K
}

